[2021-06-23 15:09:13.440] [exthost] [info] extension host started
[2021-06-23 15:09:13.538] [exthost] [info] ExtensionService#_doActivateExtension vscode.microsoft-authentication {"startup":false,"extensionId":{"value":"vscode.microsoft-authentication","_lower":"vscode.microsoft-authentication"},"activationEvent":"onAuthenticationRequest:microsoft"}
[2021-06-23 15:09:13.580] [exthost] [info] ExtensionService#loadCommonJSModule file:///snap/code/67/usr/share/code/resources/app/extensions/microsoft-authentication/dist/extension.js
[2021-06-23 15:09:13.716] [exthost] [info] ExtensionService#_doActivateExtension vscode.debug-auto-launch {"startup":true,"extensionId":{"value":"vscode.debug-auto-launch","_lower":"vscode.debug-auto-launch"},"activationEvent":"*"}
[2021-06-23 15:09:13.717] [exthost] [info] ExtensionService#loadCommonJSModule file:///snap/code/67/usr/share/code/resources/app/extensions/debug-auto-launch/dist/extension
[2021-06-23 15:09:13.810] [exthost] [info] ExtensionService#_doActivateExtension vscode.git {"startup":true,"extensionId":{"value":"vscode.github","_lower":"vscode.github"},"activationEvent":"*"}
[2021-06-23 15:09:13.811] [exthost] [info] ExtensionService#loadCommonJSModule file:///snap/code/67/usr/share/code/resources/app/extensions/git/dist/main
[2021-06-23 15:09:14.018] [exthost] [info] ExtensionService#_doActivateExtension vscode.github {"startup":true,"extensionId":{"value":"vscode.github","_lower":"vscode.github"},"activationEvent":"*"}
[2021-06-23 15:09:14.029] [exthost] [info] ExtensionService#loadCommonJSModule file:///snap/code/67/usr/share/code/resources/app/extensions/github/dist/extension.js
[2021-06-23 15:09:14.127] [exthost] [info] ExtensionService#_doActivateExtension ms-vscode.js-debug {"startup":false,"extensionId":{"value":"ms-vscode.js-debug","_lower":"ms-vscode.js-debug"},"activationEvent":"onCommand:extension.js-debug.clearAutoAttachVariables"}
[2021-06-23 15:09:14.128] [exthost] [info] ExtensionService#loadCommonJSModule file:///snap/code/67/usr/share/code/resources/app/extensions/ms-vscode.js-debug/src/extension.js
[2021-06-23 15:09:14.423] [exthost] [info] eager extensions activated
[2021-06-23 15:09:14.443] [exthost] [info] ExtensionService#_doActivateExtension vscode.emmet {"startup":false,"extensionId":{"value":"vscode.emmet","_lower":"vscode.emmet"},"activationEvent":"onStartupFinished"}
[2021-06-23 15:09:14.443] [exthost] [info] ExtensionService#loadCommonJSModule file:///snap/code/67/usr/share/code/resources/app/extensions/emmet/dist/node/emmetNodeMain
[2021-06-23 15:09:14.458] [exthost] [info] ExtensionService#_doActivateExtension vscode.merge-conflict {"startup":false,"extensionId":{"value":"vscode.merge-conflict","_lower":"vscode.merge-conflict"},"activationEvent":"onStartupFinished"}
[2021-06-23 15:09:14.459] [exthost] [info] ExtensionService#loadCommonJSModule file:///snap/code/67/usr/share/code/resources/app/extensions/merge-conflict/dist/mergeConflictMain
[2021-06-23 15:09:14.465] [exthost] [info] ExtensionService#_doActivateExtension vscode.testing-editor-contributions {"startup":false,"extensionId":{"value":"vscode.testing-editor-contributions","_lower":"vscode.testing-editor-contributions"},"activationEvent":"onStartupFinished"}
[2021-06-23 15:09:14.466] [exthost] [info] ExtensionService#loadCommonJSModule file:///snap/code/67/usr/share/code/resources/app/extensions/testing-editor-contributions/dist/extension.js
[2021-06-23 15:09:14.497] [exthost] [info] ExtensionService#_doActivateExtension vscode.github-authentication {"startup":false,"extensionId":{"value":"vscode.github-authentication","_lower":"vscode.github-authentication"},"activationEvent":"onAuthenticationRequest:github"}
[2021-06-23 15:09:14.497] [exthost] [info] ExtensionService#loadCommonJSModule file:///snap/code/67/usr/share/code/resources/app/extensions/github-authentication/dist/extension.js
[2021-06-23 15:09:48.454] [exthost] [info] extension host terminating: renderer closed the socket
[2021-06-23 15:09:49.507] [exthost] [info] exiting with code 0
[2021-06-23 15:09:51.222] [exthost] [info] extension host started
[2021-06-23 15:09:51.263] [exthost] [info] ExtensionService#_doActivateExtension vscode.microsoft-authentication {"startup":false,"extensionId":{"value":"vscode.microsoft-authentication","_lower":"vscode.microsoft-authentication"},"activationEvent":"onAuthenticationRequest:microsoft"}
[2021-06-23 15:09:51.263] [exthost] [info] ExtensionService#loadCommonJSModule file:///snap/code/67/usr/share/code/resources/app/extensions/microsoft-authentication/dist/extension.js
[2021-06-23 15:09:51.270] [exthost] [info] ExtensionService#_doActivateExtension vscode.debug-auto-launch {"startup":true,"extensionId":{"value":"vscode.debug-auto-launch","_lower":"vscode.debug-auto-launch"},"activationEvent":"*"}
[2021-06-23 15:09:51.271] [exthost] [info] ExtensionService#loadCommonJSModule file:///snap/code/67/usr/share/code/resources/app/extensions/debug-auto-launch/dist/extension
[2021-06-23 15:09:51.273] [exthost] [info] ExtensionService#_doActivateExtension vscode.git {"startup":true,"extensionId":{"value":"vscode.github","_lower":"vscode.github"},"activationEvent":"*"}
[2021-06-23 15:09:51.273] [exthost] [info] ExtensionService#loadCommonJSModule file:///snap/code/67/usr/share/code/resources/app/extensions/git/dist/main
[2021-06-23 15:09:51.287] [exthost] [info] ExtensionService#_doActivateExtension vscode.npm {"startup":true,"extensionId":{"value":"vscode.npm","_lower":"vscode.npm"},"activationEvent":"workspaceContains:package.json"}
[2021-06-23 15:09:51.288] [exthost] [info] ExtensionService#loadCommonJSModule file:///snap/code/67/usr/share/code/resources/app/extensions/npm/dist/npmMain
[2021-06-23 15:09:51.365] [exthost] [info] ExtensionService#_doActivateExtension ms-vscode.js-debug {"startup":false,"extensionId":{"value":"ms-vscode.js-debug","_lower":"ms-vscode.js-debug"},"activationEvent":"onCommand:extension.js-debug.clearAutoAttachVariables"}
[2021-06-23 15:09:51.365] [exthost] [info] ExtensionService#loadCommonJSModule file:///snap/code/67/usr/share/code/resources/app/extensions/ms-vscode.js-debug/src/extension.js
[2021-06-23 15:09:51.610] [exthost] [info] ExtensionService#_doActivateExtension vscode.github {"startup":true,"extensionId":{"value":"vscode.github","_lower":"vscode.github"},"activationEvent":"*"}
[2021-06-23 15:09:51.633] [exthost] [info] ExtensionService#loadCommonJSModule file:///snap/code/67/usr/share/code/resources/app/extensions/github/dist/extension.js
[2021-06-23 15:09:51.640] [exthost] [info] ExtensionService#_doActivateExtension vscode.github-authentication {"startup":false,"extensionId":{"value":"vscode.github-authentication","_lower":"vscode.github-authentication"},"activationEvent":"onAuthenticationRequest:github"}
[2021-06-23 15:09:51.702] [exthost] [info] ExtensionService#loadCommonJSModule file:///snap/code/67/usr/share/code/resources/app/extensions/github-authentication/dist/extension.js
[2021-06-23 15:09:52.662] [exthost] [info] eager extensions activated
[2021-06-23 15:09:52.676] [exthost] [info] ExtensionService#_doActivateExtension vscode.emmet {"startup":false,"extensionId":{"value":"vscode.emmet","_lower":"vscode.emmet"},"activationEvent":"onStartupFinished"}
[2021-06-23 15:09:52.680] [exthost] [info] ExtensionService#loadCommonJSModule file:///snap/code/67/usr/share/code/resources/app/extensions/emmet/dist/node/emmetNodeMain
[2021-06-23 15:09:52.757] [exthost] [info] ExtensionService#_doActivateExtension vscode.merge-conflict {"startup":false,"extensionId":{"value":"vscode.merge-conflict","_lower":"vscode.merge-conflict"},"activationEvent":"onStartupFinished"}
[2021-06-23 15:09:52.760] [exthost] [info] ExtensionService#loadCommonJSModule file:///snap/code/67/usr/share/code/resources/app/extensions/merge-conflict/dist/mergeConflictMain
[2021-06-23 15:09:52.817] [exthost] [info] ExtensionService#_doActivateExtension vscode.testing-editor-contributions {"startup":false,"extensionId":{"value":"vscode.testing-editor-contributions","_lower":"vscode.testing-editor-contributions"},"activationEvent":"onStartupFinished"}
[2021-06-23 15:09:52.824] [exthost] [info] ExtensionService#loadCommonJSModule file:///snap/code/67/usr/share/code/resources/app/extensions/testing-editor-contributions/dist/extension.js
[2021-06-23 15:09:53.193] [exthost] [warning] [Decorations] CAPPING events from decorations provider vscode.git 321
[2021-06-23 15:11:17.081] [exthost] [warning] [Decorations] CAPPING events from decorations provider vscode.git 373
[2021-06-23 15:11:40.867] [exthost] [warning] [Decorations] CAPPING events from decorations provider vscode.git 373
[2021-06-23 15:12:17.595] [exthost] [info] extension host terminating: renderer closed the socket
[2021-06-23 15:12:18.623] [exthost] [info] exiting with code 0
